# JRE version: Java(TM) SE Runtime Environment (8.0_131-b11) (build 1.8.0_131-b11)
# Java VM: Java HotSpot(TM) 64-Bit Server VM (25.131-b11 mixed mode windows-amd64 compressed oops)
Heap:
 PSYoungGen      total 13824K, used 6848K [0x00000000d6100000, 0x00000000d7200000, 0x0000000100000000)
  eden space 11776K, 40% used [0x00000000d6100000,0x00000000d65b52b0,0x00000000d6c80000)
  from space 2048K, 99% used [0x00000000d6f00000,0x00000000d70faf18,0x00000000d7100000)
  to   space 2560K, 0% used [0x00000000d6c80000,0x00000000d6c80000,0x00000000d6f00000)
 ParOldGen       total 14336K, used 9095K [0x0000000082200000, 0x0000000083000000, 0x00000000d6100000)
  object space 14336K, 63% used [0x0000000082200000,0x0000000082ae1f00,0x0000000083000000)
 Metaspace       used 9646K, capacity 10132K, committed 10368K, reserved 1058816K
  class space    used 1064K, capacity 1104K, committed 1152K, reserved 1048576K
GC Heap History (10 events):
Event: 0.425 GC heap before
{Heap before GC invocations=7 (full 0):
 PSYoungGen      total 13824K, used 13797K [0x00000000d6100000, 0x00000000d7200000, 0x0000000100000000)
  eden space 11776K, 100% used [0x00000000d6100000,0x00000000d6c80000,0x00000000d6c80000)
  from space 2048K, 98% used [0x00000000d6f00000,0x00000000d70f96e0,0x00000000d7100000)
  to   space 2560K, 0% used [0x00000000d6c80000,0x00000000d6c80000,0x00000000d6f00000)
 ParOldGen       total 5632K, used 2668K [0x0000000082200000, 0x0000000082780000, 0x00000000d6100000)
  object space 5632K, 47% used [0x0000000082200000,0x000000008249b2b8,0x0000000082780000)
 Metaspace       used 7675K, capacity 8436K, committed 8704K, reserved 1056768K
  class space    used 910K, capacity 944K, committed 1024K, reserved 1048576K
Event: 0.431 GC heap after
Heap after GC invocations=7 (full 0):
 PSYoungGen      total 14336K, used 2535K [0x00000000d6100000, 0x00000000d7200000, 0x0000000100000000)
  eden space 11776K, 0% used [0x00000000d6100000,0x00000000d6100000,0x00000000d6c80000)
  from space 2560K, 99% used [0x00000000d6c80000,0x00000000d6ef9cf0,0x00000000d6f00000)
  to   space 2048K, 0% used [0x00000000d6f00000,0x00000000d6f00000,0x00000000d7100000)
 ParOldGen       total 8192K, used 7792K [0x0000000082200000, 0x0000000082a00000, 0x00000000d6100000)
  object space 8192K, 95% used [0x0000000082200000,0x000000008299c3c0,0x0000000082a00000)
 Metaspace       used 7675K, capacity 8436K, committed 8704K, reserved 1056768K
  class space    used 910K, capacity 944K, committed 1024K, reserved 1048576K
}
Event: 0.431 GC heap before
{Heap before GC invocations=8 (full 1):
 PSYoungGen      total 14336K, used 2535K [0x00000000d6100000, 0x00000000d7200000, 0x0000000100000000)
  eden space 11776K, 0% used [0x00000000d6100000,0x00000000d6100000,0x00000000d6c80000)
  from space 2560K, 99% used [0x00000000d6c80000,0x00000000d6ef9cf0,0x00000000d6f00000)
  to   space 2048K, 0% used [0x00000000d6f00000,0x00000000d6f00000,0x00000000d7100000)
 ParOldGen       total 8192K, used 7792K [0x0000000082200000, 0x0000000082a00000, 0x00000000d6100000)
  object space 8192K, 95% used [0x0000000082200000,0x000000008299c3c0,0x0000000082a00000)
 Metaspace       used 7675K, capacity 8436K, committed 8704K, reserved 1056768K
  class space    used 910K, capacity 944K, committed 1024K, reserved 1048576K
Event: 0.460 GC heap after
Heap after GC invocations=8 (full 1):
 PSYoungGen      total 14336K, used 996K [0x00000000d6100000, 0x00000000d7200000, 0x0000000100000000)
  eden space 11776K, 0% used [0x00000000d6100000,0x00000000d6100000,0x00000000d6c80000)
  from space 2560K, 38% used [0x00000000d6c80000,0x00000000d6d79090,0x00000000d6f00000)
  to   space 2048K, 0% used [0x00000000d6f00000,0x00000000d6f00000,0x00000000d7100000)
 ParOldGen       total 14336K, used 8047K [0x0000000082200000, 0x0000000083000000, 0x00000000d6100000)
  object space 14336K, 56% used [0x0000000082200000,0x00000000829dbf00,0x0000000083000000)
 Metaspace       used 7675K, capacity 8436K, committed 8704K, reserved 1056768K
  class space    used 910K, capacity 944K, committed 1024K, reserved 1048576K
}
Event: 0.619 GC heap before
{Heap before GC invocations=9 (full 1):
 PSYoungGen      total 14336K, used 12772K [0x00000000d6100000, 0x00000000d7200000, 0x0000000100000000)
  eden space 11776K, 100% used [0x00000000d6100000,0x00000000d6c80000,0x00000000d6c80000)
  from space 2560K, 38% used [0x00000000d6c80000,0x00000000d6d79090,0x00000000d6f00000)
  to   space 2048K, 0% used [0x00000000d6f00000,0x00000000d6f00000,0x00000000d7100000)
 ParOldGen       total 14336K, used 8047K [0x0000000082200000, 0x0000000083000000, 0x00000000d6100000)
  object space 14336K, 56% used [0x0000000082200000,0x00000000829dbf00,0x0000000083000000)
 Metaspace       used 8620K, capacity 9204K, committed 9472K, reserved 1058816K
  class space    used 979K, capacity 1008K, committed 1024K, reserved 1048576K
Event: 0.622 GC heap after
Heap after GC invocations=9 (full 1):
 PSYoungGen      total 13824K, used 2035K [0x00000000d6100000, 0x00000000d7200000, 0x0000000100000000)
  eden space 11776K, 0% used [0x00000000d6100000,0x00000000d6100000,0x00000000d6c80000)
  from space 2048K, 99% used [0x00000000d6f00000,0x00000000d70fcf28,0x00000000d7100000)
  to   space 2560K, 0% used [0x00000000d6c80000,0x00000000d6c80000,0x00000000d6f00000)
 ParOldGen       total 14336K, used 8663K [0x0000000082200000, 0x0000000083000000, 0x00000000d6100000)
  object space 14336K, 60% used [0x0000000082200000,0x0000000082a75f00,0x0000000083000000)
 Metaspace       used 8620K, capacity 9204K, committed 9472K, reserved 1058816K
  class space    used 979K, capacity 1008K, committed 1024K, reserved 1048576K
}
Event: 0.778 GC heap before
{Heap before GC invocations=10 (full 1):
 PSYoungGen      total 13824K, used 13811K [0x00000000d6100000, 0x00000000d7200000, 0x0000000100000000)
  eden space 11776K, 100% used [0x00000000d6100000,0x00000000d6c80000,0x00000000d6c80000)
  from space 2048K, 99% used [0x00000000d6f00000,0x00000000d70fcf28,0x00000000d7100000)
  to   space 2560K, 0% used [0x00000000d6c80000,0x00000000d6c80000,0x00000000d6f00000)
 ParOldGen       total 14336K, used 8663K [0x0000000082200000, 0x0000000083000000, 0x00000000d6100000)
  object space 14336K, 60% used [0x0000000082200000,0x0000000082a75f00,0x0000000083000000)
 Metaspace       used 9365K, capacity 9844K, committed 10112K, reserved 1058816K
  class space    used 1036K, capacity 1072K, committed 1152K, reserved 1048576K
Event: 0.780 GC heap after
Heap after GC invocations=10 (full 1):
 PSYoungGen      total 14336K, used 2083K [0x00000000d6100000, 0x00000000d7200000, 0x0000000100000000)
  eden space 11776K, 0% used [0x00000000d6100000,0x00000000d6100000,0x00000000d6c80000)
  from space 2560K, 81% used [0x00000000d6c80000,0x00000000d6e88f38,0x00000000d6f00000)
  to   space 2048K, 0% used [0x00000000d6f00000,0x00000000d6f00000,0x00000000d7100000)
 ParOldGen       total 14336K, used 9031K [0x0000000082200000, 0x0000000083000000, 0x00000000d6100000)
  object space 14336K, 63% used [0x0000000082200000,0x0000000082ad1f00,0x0000000083000000)
 Metaspace       used 9365K, capacity 9844K, committed 10112K, reserved 1058816K
  class space    used 1036K, capacity 1072K, committed 1152K, reserved 1048576K
}
Event: 0.843 GC heap before
{Heap before GC invocations=11 (full 1):
 PSYoungGen      total 14336K, used 13859K [0x00000000d6100000, 0x00000000d7200000, 0x0000000100000000)
  eden space 11776K, 100% used [0x00000000d6100000,0x00000000d6c80000,0x00000000d6c80000)
  from space 2560K, 81% used [0x00000000d6c80000,0x00000000d6e88f38,0x00000000d6f00000)
  to   space 2048K, 0% used [0x00000000d6f00000,0x00000000d6f00000,0x00000000d7100000)
 ParOldGen       total 14336K, used 9031K [0x0000000082200000, 0x0000000083000000, 0x00000000d6100000)
  object space 14336K, 63% used [0x0000000082200000,0x0000000082ad1f00,0x0000000083000000)
 Metaspace       used 9431K, capacity 9908K, committed 10112K, reserved 1058816K
  class space    used 1036K, capacity 1072K, committed 1152K, reserved 1048576K
Event: 0.845 GC heap after
Heap after GC invocations=11 (full 1):
 PSYoungGen      total 13824K, used 2027K [0x00000000d6100000, 0x00000000d7200000, 0x0000000100000000)
  eden space 11776K, 0% used [0x00000000d6100000,0x00000000d6100000,0x00000000d6c80000)
  from space 2048K, 99% used [0x00000000d6f00000,0x00000000d70faf18,0x00000000d7100000)
  to   space 2560K, 0% used [0x00000000d6c80000,0x00000000d6c80000,0x00000000d6f00000)
 ParOldGen       total 14336K, used 9095K [0x0000000082200000, 0x0000000083000000, 0x00000000d6100000)
  object space 14336K, 63% used [0x0000000082200000,0x0000000082ae1f00,0x0000000083000000)
 Metaspace       used 9431K, capacity 9908K, committed 10112K, reserved 1058816K
  class space    used 1036K, capacity 1072K, committed 1152K, reserved 1048576K
}

