# JRE version: Java(TM) SE Runtime Environment (8.0_131-b11) (build 1.8.0_131-b11)
# Java VM: Java HotSpot(TM) 64-Bit Server VM (25.131-b11 mixed mode windows-amd64 compressed oops)
Heap:
 PSYoungGen      total 12288K, used 12278K [0x00000000d6100000, 0x00000000d7200000, 0x0000000100000000)
  eden space 10240K, 100% used [0x00000000d6100000,0x00000000d6b00000,0x00000000d6b00000)
  from space 2048K, 99% used [0x00000000d6e00000,0x00000000d6ffd8d8,0x00000000d7000000)
  to   space 3072K, 99% used [0x00000000d6b00000,0x00000000d6dfde10,0x00000000d6e00000)
 ParOldGen       total 6144K, used 6141K [0x0000000082200000, 0x0000000082800000, 0x00000000d6100000)
  object space 6144K, 99% used [0x0000000082200000,0x00000000827ff588,0x0000000082800000)
 Metaspace       used 7814K, capacity 8500K, committed 8704K, reserved 1056768K
  class space    used 921K, capacity 944K, committed 1024K, reserved 1048576K
GC Heap History (10 events):
Event: 0.763 GC heap after
Heap after GC invocations=4 (full 0):
 PSYoungGen      total 3584K, used 512K [0x00000000d6100000, 0x00000000d6500000, 0x0000000100000000)
  eden space 3072K, 0% used [0x00000000d6100000,0x00000000d6100000,0x00000000d6400000)
  from space 512K, 100% used [0x00000000d6480000,0x00000000d6500000,0x00000000d6500000)
  to   space 512K, 0% used [0x00000000d6400000,0x00000000d6400000,0x00000000d6480000)
 ParOldGen       total 5632K, used 624K [0x0000000082200000, 0x0000000082780000, 0x00000000d6100000)
  object space 5632K, 11% used [0x0000000082200000,0x000000008229c020,0x0000000082780000)
 Metaspace       used 5237K, capacity 6388K, committed 6656K, reserved 1056768K
  class space    used 638K, capacity 688K, committed 768K, reserved 1048576K
}
Event: 0.841 GC heap before
{Heap before GC invocations=5 (full 0):
 PSYoungGen      total 3584K, used 3584K [0x00000000d6100000, 0x00000000d6500000, 0x0000000100000000)
  eden space 3072K, 100% used [0x00000000d6100000,0x00000000d6400000,0x00000000d6400000)
  from space 512K, 100% used [0x00000000d6480000,0x00000000d6500000,0x00000000d6500000)
  to   space 512K, 0% used [0x00000000d6400000,0x00000000d6400000,0x00000000d6480000)
 ParOldGen       total 5632K, used 624K [0x0000000082200000, 0x0000000082780000, 0x00000000d6100000)
  object space 5632K, 11% used [0x0000000082200000,0x000000008229c020,0x0000000082780000)
 Metaspace       used 6325K, capacity 7444K, committed 7552K, reserved 1056768K
  class space    used 793K, capacity 848K, committed 896K, reserved 1048576K
Event: 0.842 GC heap after
Heap after GC invocations=5 (full 0):
 PSYoungGen      total 3584K, used 496K [0x00000000d6100000, 0x00000000d6900000, 0x0000000100000000)
  eden space 3072K, 0% used [0x00000000d6100000,0x00000000d6100000,0x00000000d6400000)
  from space 512K, 96% used [0x00000000d6400000,0x00000000d647c010,0x00000000d6480000)
  to   space 1024K, 0% used [0x00000000d6800000,0x00000000d6800000,0x00000000d6900000)
 ParOldGen       total 5632K, used 958K [0x0000000082200000, 0x0000000082780000, 0x00000000d6100000)
  object space 5632K, 17% used [0x0000000082200000,0x00000000822ef978,0x0000000082780000)
 Metaspace       used 6325K, capacity 7444K, committed 7552K, reserved 1056768K
  class space    used 793K, capacity 848K, committed 896K, reserved 1048576K
}
Event: 0.896 GC heap before
{Heap before GC invocations=6 (full 0):
 PSYoungGen      total 3584K, used 3557K [0x00000000d6100000, 0x00000000d6900000, 0x0000000100000000)
  eden space 3072K, 99% used [0x00000000d6100000,0x00000000d63fd6c8,0x00000000d6400000)
  from space 512K, 96% used [0x00000000d6400000,0x00000000d647c010,0x00000000d6480000)
  to   space 1024K, 0% used [0x00000000d6800000,0x00000000d6800000,0x00000000d6900000)
 ParOldGen       total 5632K, used 958K [0x0000000082200000, 0x0000000082780000, 0x00000000d6100000)
  object space 5632K, 17% used [0x0000000082200000,0x00000000822ef978,0x0000000082780000)
 Metaspace       used 6893K, capacity 7828K, committed 8192K, reserved 1056768K
  class space    used 859K, capacity 912K, committed 1024K, reserved 1048576K
Event: 0.902 GC heap after
Heap after GC invocations=6 (full 0):
 PSYoungGen      total 6656K, used 995K [0x00000000d6100000, 0x00000000d6a00000, 0x0000000100000000)
  eden space 5632K, 0% used [0x00000000d6100000,0x00000000d6100000,0x00000000d6680000)
  from space 1024K, 97% used [0x00000000d6800000,0x00000000d68f8e30,0x00000000d6900000)
  to   space 1536K, 0% used [0x00000000d6680000,0x00000000d6680000,0x00000000d6800000)
 ParOldGen       total 5632K, used 1374K [0x0000000082200000, 0x0000000082780000, 0x00000000d6100000)
  object space 5632K, 24% used [0x0000000082200000,0x0000000082357b10,0x0000000082780000)
 Metaspace       used 6893K, capacity 7828K, committed 8192K, reserved 1056768K
  class space    used 859K, capacity 912K, committed 1024K, reserved 1048576K
}
Event: 1.170 GC heap before
{Heap before GC invocations=7 (full 0):
 PSYoungGen      total 6656K, used 6627K [0x00000000d6100000, 0x00000000d6a00000, 0x0000000100000000)
  eden space 5632K, 100% used [0x00000000d6100000,0x00000000d6680000,0x00000000d6680000)
  from space 1024K, 97% used [0x00000000d6800000,0x00000000d68f8e30,0x00000000d6900000)
  to   space 1536K, 0% used [0x00000000d6680000,0x00000000d6680000,0x00000000d6800000)
 ParOldGen       total 5632K, used 1374K [0x0000000082200000, 0x0000000082780000, 0x00000000d6100000)
  object space 5632K, 24% used [0x0000000082200000,0x0000000082357b10,0x0000000082780000)
 Metaspace       used 7421K, capacity 8244K, committed 8448K, reserved 1056768K
  class space    used 895K, capacity 944K, committed 1024K, reserved 1048576K
Event: 1.172 GC heap after
Heap after GC invocations=7 (full 0):
 PSYoungGen      total 7168K, used 1515K [0x00000000d6100000, 0x00000000d7000000, 0x0000000100000000)
  eden space 5632K, 0% used [0x00000000d6100000,0x00000000d6100000,0x00000000d6680000)
  from space 1536K, 98% used [0x00000000d6680000,0x00000000d67face8,0x00000000d6800000)
  to   space 2048K, 0% used [0x00000000d6e00000,0x00000000d6e00000,0x00000000d7000000)
 ParOldGen       total 5632K, used 2076K [0x0000000082200000, 0x0000000082780000, 0x00000000d6100000)
  object space 5632K, 36% used [0x0000000082200000,0x0000000082407350,0x0000000082780000)
 Metaspace       used 7421K, capacity 8244K, committed 8448K, reserved 1056768K
  class space    used 895K, capacity 944K, committed 1024K, reserved 1048576K
}
Event: 1.286 GC heap before
{Heap before GC invocations=8 (full 0):
 PSYoungGen      total 7168K, used 7110K [0x00000000d6100000, 0x00000000d7000000, 0x0000000100000000)
  eden space 5632K, 99% used [0x00000000d6100000,0x00000000d6676cd8,0x00000000d6680000)
  from space 1536K, 98% used [0x00000000d6680000,0x00000000d67face8,0x00000000d6800000)
  to   space 2048K, 0% used [0x00000000d6e00000,0x00000000d6e00000,0x00000000d7000000)
 ParOldGen       total 5632K, used 2076K [0x0000000082200000, 0x0000000082780000, 0x00000000d6100000)
  object space 5632K, 36% used [0x0000000082200000,0x0000000082407350,0x0000000082780000)
 Metaspace       used 7602K, capacity 8372K, committed 8704K, reserved 1056768K
  class space    used 903K, capacity 944K, committed 1024K, reserved 1048576K
Event: 1.289 GC heap after
Heap after GC invocations=8 (full 0):
 PSYoungGen      total 12288K, used 2038K [0x00000000d6100000, 0x00000000d7200000, 0x0000000100000000)
  eden space 10240K, 0% used [0x00000000d6100000,0x00000000d6100000,0x00000000d6b00000)
  from space 2048K, 99% used [0x00000000d6e00000,0x00000000d6ffd8d8,0x00000000d7000000)
  to   space 3072K, 0% used [0x00000000d6b00000,0x00000000d6b00000,0x00000000d6e00000)
 ParOldGen       total 5632K, used 3335K [0x0000000082200000, 0x0000000082780000, 0x00000000d6100000)
  object space 5632K, 59% used [0x0000000082200000,0x0000000082541c00,0x0000000082780000)
 Metaspace       used 7602K, capacity 8372K, committed 8704K, reserved 1056768K
  class space    used 903K, capacity 944K, committed 1024K, reserved 1048576K
}
Event: 1.387 GC heap before
{Heap before GC invocations=9 (full 0):
 PSYoungGen      total 12288K, used 12278K [0x00000000d6100000, 0x00000000d7200000, 0x0000000100000000)
  eden space 10240K, 100% used [0x00000000d6100000,0x00000000d6b00000,0x00000000d6b00000)
  from space 2048K, 99% used [0x00000000d6e00000,0x00000000d6ffd8d8,0x00000000d7000000)
  to   space 3072K, 0% used [0x00000000d6b00000,0x00000000d6b00000,0x00000000d6e00000)
 ParOldGen       total 5632K, used 3335K [0x0000000082200000, 0x0000000082780000, 0x00000000d6100000)
  object space 5632K, 59% used [0x0000000082200000,0x0000000082541c00,0x0000000082780000)
 Metaspace       used 7814K, capacity 8500K, committed 8704K, reserved 1056768K
  class space    used 921K, capacity 944K, committed 1024K, reserved 1048576K

